[    0.000000] Linux version 4.15.0-144-generic (buildd@lgw01-amd64-031) (gcc version 7.5.0 (Ubuntu 7.5.0-3ubuntu1~18.04)) #148-Ubuntu SMP Sat May 8 02:33:43 UTC 2021 (Ubuntu 4.15.0-144.148-generic 4.15.18)
[    0.000000] Command line: BOOT_IMAGE=/boot/vmlinuz-4.15.0-144-generic root=LABEL=cloudimg-rootfs ro console=tty1 console=ttyS0
[    0.000000] KERNEL supported cpus:
[    0.000000]   Intel GenuineIntel
[    0.000000]   AMD AuthenticAMD
[    0.000000]   Centaur CentaurHauls
[    0.000000] x86/fpu: Supporting XSAVE feature 0x001: 'x87 floating point registers'
[    0.000000] x86/fpu: Supporting XSAVE feature 0x002: 'SSE registers'
[    0.000000] x86/fpu: Supporting XSAVE feature 0x004: 'AVX registers'
[    0.000000] x86/fpu: xstate_offset[2]:  576, xstate_sizes[2]:  256
[    0.000000] x86/fpu: Enabled xstate features 0x7, context size is 832 bytes, using 'standard' format.
[    0.000000] e820: BIOS-provided physical RAM map:
[    0.000000] BIOS-e820: [mem 0x0000000000000000-0x000000000009fbff] usable
[    0.000000] BIOS-e820: [mem 0x000000000009fc00-0x000000000009ffff] reserved
[    0.000000] BIOS-e820: [mem 0x00000000000f0000-0x00000000000fffff] reserved
[    0.000000] BIOS-e820: [mem 0x0000000000100000-0x000000007ffeffff] usable
[    0.000000] BIOS-e820: [mem 0x000000007fff0000-0x000000007fffffff] ACPI data
[    0.000000] BIOS-e820: [mem 0x00000000fec00000-0x00000000fec00fff] reserved
[    0.000000] BIOS-e820: [mem 0x00000000fee00000-0x00000000fee00fff] reserved
[    0.000000] BIOS-e820: [mem 0x00000000fffc0000-0x00000000ffffffff] reserved
[    0.000000] NX (Execute Disable) protection: active
[    0.000000] SMBIOS 2.5 present.
[    0.000000] DMI: innotek GmbH VirtualBox/VirtualBox, BIOS VirtualBox 12/01/2006
[    0.000000] Hypervisor detected: KVM
[    0.000000] e820: last_pfn = 0x7fff0 max_arch_pfn = 0x400000000
[    0.000000] MTRR: Disabled
[    0.000000] x86/PAT: MTRRs disabled, skipping PAT initialization too.
[    0.000000] CPU MTRRs all blank - virtualized system.
[    0.000000] x86/PAT: Configuration [0-7]: WB  WT  UC- UC  WB  WT  UC- UC  
[    0.000000] found SMP MP-table at [mem 0x0009fff0-0x0009ffff]
[    0.000000] Scanning 1 areas for low memory corruption
[    0.000000] RAMDISK: [mem 0x359cf000-0x36cdefff]
[    0.000000] ACPI: Early table checksum verification disabled
[    0.000000] ACPI: RSDP 0x00000000000E0000 000024 (v02 VBOX  )
[    0.000000] ACPI: XSDT 0x000000007FFF0030 00003C (v01 VBOX   VBOXXSDT 00000001 ASL  00000061)
[    0.000000] ACPI: FACP 0x000000007FFF00F0 0000F4 (v04 VBOX   VBOXFACP 00000001 ASL  00000061)
[    0.000000] ACPI: DSDT 0x000000007FFF0480 002325 (v02 VBOX   VBOXBIOS 00000002 INTL 20210105)
[    0.000000] ACPI: FACS 0x000000007FFF0200 000040
[    0.000000] ACPI: FACS 0x000000007FFF0200 000040
[    0.000000] ACPI: APIC 0x000000007FFF0240 00006C (v02 VBOX   VBOXAPIC 00000001 ASL  00000061)
[    0.000000] ACPI: SSDT 0x000000007FFF02B0 0001CC (v01 VBOX   VBOXCPUT 00000002 INTL 20210105)
[    0.000000] No NUMA configuration found
[    0.000000] Faking a node at [mem 0x0000000000000000-0x000000007ffeffff]
[    0.000000] NODE_DATA(0) allocated [mem 0x7ffc5000-0x7ffeffff]
[    0.000000] kvm-clock: cpu 0, msr 0:7ff44001, primary cpu clock
[    0.000000] kvm-clock: Using msrs 4b564d01 and 4b564d00
[    0.000000] kvm-clock: using sched offset of 3131998548 cycles
[    0.000000] clocksource: kvm-clock: mask: 0xffffffffffffffff max_cycles: 0x1cd42e4dffb, max_idle_ns: 881590591483 ns
[    0.000000] Zone ranges:
[    0.000000]   DMA      [mem 0x0000000000001000-0x0000000000ffffff]
[    0.000000]   DMA32    [mem 0x0000000001000000-0x000000007ffeffff]
[    0.000000]   Normal   empty
[    0.000000]   Device   empty
[    0.000000] Movable zone start for each node
[    0.000000] Early memory node ranges
[    0.000000]   node   0: [mem 0x0000000000001000-0x000000000009efff]
[    0.000000]   node   0: [mem 0x0000000000100000-0x000000007ffeffff]
[    0.000000] Reserved but unavailable: 98 pages
[    0.000000] Initmem setup node 0 [mem 0x0000000000001000-0x000000007ffeffff]
[    0.000000] ACPI: PM-Timer IO Port: 0x4008
[    0.000000] IOAPIC[0]: apic_id 4, version 32, address 0xfec00000, GSI 0-23
[    0.000000] ACPI: INT_SRC_OVR (bus 0 bus_irq 0 global_irq 2 dfl dfl)
[    0.000000] ACPI: INT_SRC_OVR (bus 0 bus_irq 9 global_irq 9 low level)
[    0.000000] Using ACPI (MADT) for SMP configuration information
[    0.000000] smpboot: Allowing 4 CPUs, 0 hotplug CPUs
[    0.000000] PM: Registered nosave memory: [mem 0x00000000-0x00000fff]
[    0.000000] PM: Registered nosave memory: [mem 0x0009f000-0x0009ffff]
[    0.000000] PM: Registered nosave memory: [mem 0x000a0000-0x000effff]
[    0.000000] PM: Registered nosave memory: [mem 0x000f0000-0x000fffff]
[    0.000000] e820: [mem 0x80000000-0xfebfffff] available for PCI devices
[    0.000000] Booting paravirtualized kernel on KVM
[    0.000000] clocksource: refined-jiffies: mask: 0xffffffff max_cycles: 0xffffffff, max_idle_ns: 7645519600211568 ns
[    0.000000] random: get_random_bytes called from start_kernel+0x99/0x500 with crng_init=0
[    0.000000] setup_percpu: NR_CPUS:8192 nr_cpumask_bits:4 nr_cpu_ids:4 nr_node_ids:1
[    0.000000] percpu: Embedded 45 pages/cpu s147456 r8192 d28672 u524288
[    0.000000] PV qspinlock hash table entries: 256 (order: 0, 4096 bytes)
[    0.000000] Built 1 zonelists, mobility grouping on.  Total pages: 515961
[    0.000000] Policy zone: DMA32
[    0.000000] Kernel command line: BOOT_IMAGE=/boot/vmlinuz-4.15.0-144-generic root=LABEL=cloudimg-rootfs ro console=tty1 console=ttyS0
[    0.000000] Memory: 2014548K/2096696K available (12300K kernel code, 2483K rwdata, 4316K rodata, 2448K init, 2724K bss, 82148K reserved, 0K cma-reserved)
[    0.000000] SLUB: HWalign=64, Order=0-3, MinObjects=0, CPUs=4, Nodes=1
[    0.000000] Kernel/User page tables isolation: enabled
[    0.000000] ftrace: allocating 39453 entries in 155 pages
[    0.004000] Hierarchical RCU implementation.
[    0.004000] 	RCU restricting CPUs from NR_CPUS=8192 to nr_cpu_ids=4.
[    0.004000] 	Tasks RCU enabled.
[    0.004000] RCU: Adjusting geometry for rcu_fanout_leaf=16, nr_cpu_ids=4
[    0.004000] NR_IRQS: 524544, nr_irqs: 456, preallocated irqs: 16
[    0.004000] Console: colour VGA+ 80x25
[    0.004000] console [tty1] enabled
[    0.004000] console [ttyS0] enabled
[    0.004000] ACPI: Core revision 20170831
[    0.004000] ACPI: 2 ACPI AML tables successfully acquired and loaded
[    0.004000] APIC: Switch to symmetric I/O mode setup
[    0.004000] x2apic enabled
[    0.004000] Switched APIC routing to physical x2apic.
[    0.004000] ..TIMER: vector=0x30 apic1=0 pin1=2 apic2=-1 pin2=-1
[    0.004000] tsc: Detected 3503.998 MHz processor
[    0.004000] Calibrating delay loop (skipped) preset value.. 7007.99 BogoMIPS (lpj=14015992)
[    0.004004] pid_max: default: 32768 minimum: 301
[    0.004612] Security Framework initialized
[    0.005062] Yama: becoming mindful.
[    0.006500] AppArmor: AppArmor initialized
[    0.008070] Dentry cache hash table entries: 262144 (order: 9, 2097152 bytes)
[    0.009250] Inode-cache hash table entries: 131072 (order: 8, 1048576 bytes)
[    0.010000] Mount-cache hash table entries: 4096 (order: 3, 32768 bytes)
[    0.010670] Mountpoint-cache hash table entries: 4096 (order: 3, 32768 bytes)
[    0.012195] Last level iTLB entries: 4KB 128, 2MB 8, 4MB 8
[    0.012980] Last level dTLB entries: 4KB 64, 2MB 0, 4MB 0, 1GB 4
[    0.014981] Spectre V1 : Mitigation: usercopy/swapgs barriers and __user pointer sanitization
[    0.016003] Spectre V2 : Mitigation: Full generic retpoline
[    0.016579] Spectre V2 : Spectre v2 / SpectreRSB mitigation: Filling RSB on context switch
[    0.017452] Speculative Store Bypass: Vulnerable
[    0.018291] SRBDS: Unknown: Dependent on hypervisor status
[    0.018857] MDS: Mitigation: Clear CPU buffers
[    0.020107] Freeing SMP alternatives memory: 36K
[    0.129654] smpboot: CPU0: Intel(R) Core(TM) i5-6600K CPU @ 3.50GHz (family: 0x6, model: 0x5e, stepping: 0x3)
[    0.130763] Performance Events: unsupported p6 CPU model 94 no PMU driver, software events only.
[    0.131716] Hierarchical SRCU implementation.
[    0.132000] NMI watchdog: Perf event create on CPU 0 failed with -2
[    0.132000] NMI watchdog: Perf NMI watchdog permanently disabled
[    0.132035] smp: Bringing up secondary CPUs ...
[    0.132570] x86: Booting SMP configuration:
[    0.133018] .... node  #0, CPUs:      #1
[    0.004000] kvm-clock: cpu 1, msr 0:7ff44041, secondary cpu clock
[    0.136000]  #2
[    0.004000] kvm-clock: cpu 2, msr 0:7ff44081, secondary cpu clock
[    0.140057]  #3
[    0.004000] kvm-clock: cpu 3, msr 0:7ff440c1, secondary cpu clock
[    0.144011] smp: Brought up 1 node, 4 CPUs
[    0.144458] smpboot: Max logical packages: 1
[    0.144918] smpboot: Total of 4 processors activated (28031.98 BogoMIPS)
[    0.145735] devtmpfs: initialized
[    0.145735] x86/mm: Memory block size: 128MB
[    0.145735] evm: security.selinux
[    0.145735] evm: security.SMACK64
[    0.145746] evm: security.SMACK64EXEC
[    0.148002] evm: security.SMACK64TRANSMUTE
[    0.148437] evm: security.SMACK64MMAP
[    0.148826] evm: security.apparmor
[    0.149201] evm: security.ima
[    0.149528] evm: security.capability
[    0.149928] clocksource: jiffies: mask: 0xffffffff max_cycles: 0xffffffff, max_idle_ns: 7645041785100000 ns
[    0.149928] futex hash table entries: 1024 (order: 4, 65536 bytes)
[    0.152033] pinctrl core: initialized pinctrl subsystem
[    0.152627] RTC time:  6:37:05, date: 06/14/21
[    0.153244] NET: Registered protocol family 16
[    0.153751] audit: initializing netlink subsys (disabled)
[    0.154348] audit: type=2000 audit(1623652630.264:1): state=initialized audit_enabled=0 res=1
[    0.154348] cpuidle: using governor ladder
[    0.156004] cpuidle: using governor menu
[    0.156440] ACPI: bus type PCI registered
[    0.156862] acpiphp: ACPI Hot Plug PCI Controller Driver version: 0.5
[    0.157586] PCI: Using configuration type 1 for base access
[    0.158168] HugeTLB registered 2.00 MiB page size, pre-allocated 0 pages
[    0.160040] ACPI: Added _OSI(Module Device)
[    0.160524] ACPI: Added _OSI(Processor Device)
[    0.161038] ACPI: Added _OSI(3.0 _SCP Extensions)
[    0.161542] ACPI: Added _OSI(Processor Aggregator Device)
[    0.162086] ACPI: Added _OSI(Linux-Dell-Video)
[    0.162649] ACPI: Added _OSI(Linux-Lenovo-NV-HDMI-Audio)
[    0.163198] ACPI: Added _OSI(Linux-HPI-Hybrid-Graphics)
[    0.164170] ACPI: Executed 1 blocks of module-level executable AML code
[    0.166916] ACPI: Interpreter enabled
[    0.167351] ACPI: (supports S0 S5)
[    0.167725] ACPI: Using IOAPIC for interrupt routing
[    0.168152] PCI: Using host bridge windows from ACPI; if necessary, use "pci=nocrs" and report a bug
[    0.169190] ACPI: Enabled 2 GPEs in block 00 to 07
[    0.174025] ACPI: PCI Root Bridge [PCI0] (domain 0000 [bus 00-ff])
[    0.174665] acpi PNP0A03:00: _OSC: OS supports [ASPM ClockPM Segments MSI]
[    0.175699] acpi PNP0A03:00: _OSC: not requesting OS control; OS requires [ExtendedConfig ASPM ClockPM MSI]
[    0.176007] acpi PNP0A03:00: fail to add MMCONFIG information, can't access extended PCI configuration space under this bridge.
[    0.177361] PCI host bridge to bus 0000:00
[    0.177816] pci_bus 0000:00: root bus resource [io  0x0000-0x0cf7 window]
[    0.178538] pci_bus 0000:00: root bus resource [io  0x0d00-0xffff window]
[    0.180001] pci_bus 0000:00: root bus resource [mem 0x000a0000-0x000bffff window]
[    0.180824] pci_bus 0000:00: root bus resource [mem 0x80000000-0xfdffffff window]
[    0.181613] pci_bus 0000:00: root bus resource [bus 00-ff]
[    0.183268] pci 0000:00:01.1: legacy IDE quirk: reg 0x10: [io  0x01f0-0x01f7]
[    0.184001] pci 0000:00:01.1: legacy IDE quirk: reg 0x14: [io  0x03f6]
[    0.184693] pci 0000:00:01.1: legacy IDE quirk: reg 0x18: [io  0x0170-0x0177]
[    0.185833] pci 0000:00:01.1: legacy IDE quirk: reg 0x1c: [io  0x0376]
[    0.202230] pci 0000:00:07.0: quirk: [io  0x4000-0x403f] claimed by PIIX4 ACPI
[    0.203082] pci 0000:00:07.0: quirk: [io  0x4100-0x410f] claimed by PIIX4 SMB
[    0.213747] ACPI: PCI Interrupt Link [LNKA] (IRQs 5 9 10 *11)
[    0.214598] ACPI: PCI Interrupt Link [LNKB] (IRQs 5 9 *10 11)
[    0.215291] ACPI: PCI Interrupt Link [LNKC] (IRQs 5 *9 10 11)
[    0.216065] ACPI: PCI Interrupt Link [LNKD] (IRQs 5 9 10 *11)
[    0.216882] SCSI subsystem initialized
[    0.217376] pci 0000:00:02.0: vgaarb: setting as boot VGA device
[    0.217376] pci 0000:00:02.0: vgaarb: VGA device added: decodes=io+mem,owns=io+mem,locks=none
[    0.217525] pci 0000:00:02.0: vgaarb: bridge control possible
[    0.218152] vgaarb: loaded
[    0.220023] ACPI: bus type USB registered
[    0.220462] usbcore: registered new interface driver usbfs
[    0.221087] usbcore: registered new interface driver hub
[    0.221634] usbcore: registered new device driver usb
[    0.222184] EDAC MC: Ver: 3.0.0
[    0.222184] PCI: Using ACPI for IRQ routing
[    0.222184] NetLabel: Initializing
[    0.224006] NetLabel:  domain hash size = 128
[    0.224462] NetLabel:  protocols = UNLABELED CIPSOv4 CALIPSO
[    0.225052] NetLabel:  unlabeled traffic allowed by default
[    0.225646] clocksource: Switched to clocksource kvm-clock
[    0.231674] VFS: Disk quotas dquot_6.6.0
[    0.232199] VFS: Dquot-cache hash table entries: 512 (order 0, 4096 bytes)
[    0.232955] AppArmor: AppArmor Filesystem Enabled
[    0.233517] pnp: PnP ACPI init
[    0.234466] pnp: PnP ACPI: found 3 devices
[    0.241831] clocksource: acpi_pm: mask: 0xffffff max_cycles: 0xffffff, max_idle_ns: 2085701024 ns
[    0.242824] NET: Registered protocol family 2
[    0.243406] TCP established hash table entries: 16384 (order: 5, 131072 bytes)
[    0.244244] TCP bind hash table entries: 16384 (order: 6, 262144 bytes)
[    0.244939] TCP: Hash tables configured (established 16384 bind 16384)
[    0.245609] UDP hash table entries: 1024 (order: 3, 32768 bytes)
[    0.246245] UDP-Lite hash table entries: 1024 (order: 3, 32768 bytes)
[    0.246927] NET: Registered protocol family 1
[    0.247407] pci 0000:00:00.0: Limiting direct PCI/PCI transfers
[    0.248028] pci 0000:00:01.0: Activating ISA DMA hang workarounds
[    0.248711] pci 0000:00:02.0: Video device with shadowed ROM at [mem 0x000c0000-0x000dffff]
[    0.249656] Unpacking initramfs...
[    0.437467] Freeing initrd memory: 19520K
[    0.438021] clocksource: tsc: mask: 0xffffffffffffffff max_cycles: 0x328211acd6a, max_idle_ns: 440795259903 ns
[    0.439056] platform rtc_cmos: registered platform RTC device (no PNP device found)
[    0.439877] Scanning for low memory corruption every 60 seconds
[    0.441001] Initialise system trusted keyrings
[    0.441518] Key type blacklist registered
[    0.441984] workingset: timestamp_bits=36 max_order=19 bucket_order=0
[    0.443264] zbud: loaded
[    0.443936] squashfs: version 4.0 (2009/01/31) Phillip Lougher
[    0.444777] fuse init (API version 7.26)
[    0.446837] Key type asymmetric registered
[    0.447318] Asymmetric key parser 'x509' registered
[    0.447839] Block layer SCSI generic (bsg) driver version 0.4 loaded (major 246)
[    0.448762] io scheduler noop registered
[    0.449214] io scheduler deadline registered
[    0.449677] io scheduler cfq registered (default)
[    0.450427] ACPI: AC Adapter [AC] (on-line)
[    0.450914] input: Power Button as /devices/LNXSYSTM:00/LNXPWRBN:00/input/input0
[    0.451736] ACPI: Power Button [PWRF]
[    0.452212] input: Sleep Button as /devices/LNXSYSTM:00/LNXSLPBN:00/input/input1
[    0.452977] ACPI: Sleep Button [SLPF]
[    0.453663] Serial: 8250/16550 driver, 32 ports, IRQ sharing enabled
[    0.474680] 00:02: ttyS0 at I/O 0x3f8 (irq = 4, base_baud = 115200) is a 16550A
[    0.476941] Linux agpgart interface v0.103
[    0.478666] loop: module loaded
[    0.479310] scsi host0: ata_piix
[    0.479776] scsi host1: ata_piix
[    0.480252] ata1: PATA max UDMA/33 cmd 0x1f0 ctl 0x3f6 bmdma 0xd000 irq 14
[    0.480937] ata2: PATA max UDMA/33 cmd 0x170 ctl 0x376 bmdma 0xd008 irq 15
[    0.481705] libphy: Fixed MDIO Bus: probed
[    0.482182] tun: Universal TUN/TAP device driver, 1.6
[    0.482738] PPP generic driver version 2.4.2
[    0.483279] ehci_hcd: USB 2.0 'Enhanced' Host Controller (EHCI) Driver
[    0.483933] ehci-pci: EHCI PCI platform driver
[    0.484477] ehci-platform: EHCI generic platform driver
[    0.485035] ohci_hcd: USB 1.1 'Open' Host Controller (OHCI) Driver
[    0.485655] ohci-pci: OHCI PCI platform driver
[    0.486125] ohci-platform: OHCI generic platform driver
[    0.486661] uhci_hcd: USB Universal Host Controller Interface driver
[    0.487324] i8042: PNP: PS/2 Controller [PNP0303:PS2K,PNP0f03:PS2M] at 0x60,0x64 irq 1,12
[    0.488504] serio: i8042 KBD port at 0x60,0x64 irq 1
[    0.489049] serio: i8042 AUX port at 0x60,0x64 irq 12
[    0.489719] mousedev: PS/2 mouse device common for all mice
[    0.490692] rtc_cmos rtc_cmos: rtc core: registered rtc_cmos as rtc0
[    0.491374] input: AT Translated Set 2 keyboard as /devices/platform/i8042/serio0/input/input2
[    0.492084] rtc_cmos rtc_cmos: alarms up to one day, 114 bytes nvram
[    0.492947] i2c /dev entries driver
[    0.493409] device-mapper: uevent: version 1.0.3
[    0.494012] device-mapper: ioctl: 4.37.0-ioctl (2017-09-20) initialised: dm-devel@redhat.com
[    0.495107] ledtrig-cpu: registered to indicate activity on CPUs
[    0.496199] NET: Registered protocol family 10
[    0.499730] Segment Routing with IPv6
[    0.500205] NET: Registered protocol family 17
[    0.500760] Key type dns_resolver registered
[    0.501531] mce: Using 0 MCE banks
[    0.501960] RAS: Correctable Errors collector initialized.
[    0.502525] sched_clock: Marking stable (501516814, 0)->(597069496, -95552682)
[    0.506241] registered taskstats version 1
[    0.506683] Loading compiled-in X.509 certificates
[    0.508731] Loaded X.509 cert 'Build time autogenerated kernel key: 1e5516648b223d94d04ce7d99e6048c9b3ebcb77'
[    0.510128] Loaded X.509 cert 'Canonical Ltd. Live Patch Signing: 14df34d1a87cf37625abec039ef2bf521249b969'
[    0.511508] Loaded X.509 cert 'Canonical Ltd. Kernel Module Signing: 88f752e560a1e0737e31163a466ad7b70a850c19'
[    0.512611] zswap: loaded using pool lzo/zbud
[    0.515701] Key type big_key registered
[    0.516127] Key type trusted registered
[    0.518130] Key type encrypted registered
[    0.518602] AppArmor: AppArmor sha1 policy hashing enabled
[    0.519178] ima: No TPM chip found, activating TPM-bypass! (rc=-19)
[    0.519845] ima: Allocated hash algorithm: sha1
[    0.520389] evm: HMAC attrs: 0x1
[    0.520914]   Magic number: 9:267:620
[    0.521457] rtc_cmos rtc_cmos: setting system clock to 2021-06-14 06:37:05 UTC (1623652625)
[    0.522534] BIOS EDD facility v0.16 2004-Jun-25, 0 devices found
[    0.523180] EDD information not available.
[    0.722538] Freeing unused kernel image memory: 2448K
[    0.736149] Write protecting the kernel read-only data: 20480k
[    0.737375] Freeing unused kernel image memory: 2008K
[    0.738357] Freeing unused kernel image memory: 1828K
[    0.743543] x86/mm: Checked W+X mappings: passed, no W+X pages found.
[    0.744252] x86/mm: Checking user space page tables
[    0.749165] x86/mm: Checked W+X mappings: passed, no W+X pages found.
Loading, please wait...
starting version 237
[    0.789262] Fusion MPT base driver 3.04.20
[    0.790059] Copyright (c) 1999-2008 LSI Corporation
[    0.791029] e1000: Intel(R) PRO/1000 Network Driver - version 7.3.21-k8-NAPI
[    0.791765] e1000: Copyright (c) 1999-2006 Intel Corporation.
[    0.796280] Fusion MPT SPI Host driver 3.04.20
[    0.801038] AVX2 version of gcm_enc/dec engaged.
[    0.801623] AES CTR mode by8 optimization enabled
[    0.997521] input: ImExPS/2 Generic Explorer Mouse as /devices/platform/i8042/serio1/input/input4
[    1.144565] e1000 0000:00:03.0 eth0: (PCI:33MHz:32-bit) 02:98:b0:9b:6c:78
[    1.145306] e1000 0000:00:03.0 eth0: Intel(R) PRO/1000 Network Connection
[    1.794793] e1000 0000:00:08.0 eth1: (PCI:33MHz:32-bit) 08:00:27:5d:6b:23
[    1.809282] e1000 0000:00:08.0 eth1: Intel(R) PRO/1000 Network Connection
[    1.810673] mptbase: ioc0: Initiating bringup
[    1.811015] e1000 0000:00:03.0 enp0s3: renamed from eth0
[    1.824132] e1000 0000:00:08.0 enp0s8: renamed from eth1
[    2.016941] ioc0: LSI53C1030 A0: Capabilities={Initiator}
[    4.096741] scsi host2: ioc0: LSI53C1030 A0, FwRev=00000000h, Ports=1, MaxQ=256, IRQ=20
[    5.698440] scsi 2:0:0:0: Direct-Access     VBOX     HARDDISK         1.0  PQ: 0 ANSI: 5
[    5.736256] scsi target2:0:0: Beginning Domain Validation
[    5.746329] scsi target2:0:0: Domain Validation skipping write tests
[    5.749995] scsi target2:0:0: Ending Domain Validation
[    5.753205] scsi target2:0:0: asynchronous
[    5.757774] scsi 2:0:1:0: Direct-Access     VBOX     HARDDISK         1.0  PQ: 0 ANSI: 5
[    6.648683] scsi target2:0:1: Beginning Domain Validation
[    6.651907] random: fast init done
[    6.653173] scsi target2:0:1: Domain Validation skipping write tests
[    6.656295] scsi target2:0:1: Ending Domain Validation
[    6.658122] scsi target2:0:1: asynchronous
[    6.669152] random: systemd-udevd: uninitialized urandom read (16 bytes read)
[    6.669611] sd 2:0:0:0: [sda] 83886080 512-byte logical blocks: (42.9 GB/40.0 GiB)
[    6.671581] random: systemd-udevd: uninitialized urandom read (16 bytes read)
[    6.671610] sd 2:0:0:0: Attached scsi generic sg0 type 0
[    6.674425] sd 2:0:0:0: [sda] Write Protect is off
[    6.678178] random: systemd-udevd: uninitialized urandom read (16 bytes read)
[    6.679050] sd 2:0:1:0: Attached scsi generic sg1 type 0
[    6.688162] sd 2:0:0:0: [sda] Incomplete mode parameter data
[    6.690116] sd 2:0:0:0: [sda] Assuming drive cache: write through
[    6.690208] sd 2:0:1:0: [sdb] 20480 512-byte logical blocks: (10.5 MB/10.0 MiB)
[    6.696476] sd 2:0:1:0: [sdb] Write Protect is off
[    6.697276]  sda: sda1
[    6.699020] sd 2:0:1:0: [sdb] Incomplete mode parameter data
[    6.699728] sd 2:0:0:0: [sda] Attached SCSI disk
[    6.700565] sd 2:0:1:0: [sdb] Assuming drive cache: write through
[    6.708370] sd 2:0:1:0: [sdb] Attached SCSI disk
Begin: Loading essential drivers ... [    8.092231] raid6: sse2x1   gen() 15368 MB/s
[    8.140081] raid6: sse2x1   xor() 10749 MB/s
[    8.188090] raid6: sse2x2   gen() 19485 MB/s
[    8.236091] raid6: sse2x2   xor() 12916 MB/s
[    8.284086] raid6: sse2x4   gen() 21862 MB/s
[    8.332086] raid6: sse2x4   xor() 13946 MB/s
[    8.380078] raid6: avx2x1   gen() 30738 MB/s
[    8.428086] raid6: avx2x1   xor() 21898 MB/s
[    8.476021] raid6: avx2x2   gen() 36355 MB/s
[    8.524085] raid6: avx2x2   xor() 23873 MB/s
[    8.572085] raid6: avx2x4   gen() 43900 MB/s
[    8.620085] raid6: avx2x4   xor() 26974 MB/s
[    8.620582] raid6: using algorithm avx2x4 gen() 43900 MB/s
[    8.621143] raid6: .... xor() 26974 MB/s, rmw enabled
[    8.621666] raid6: using avx2x2 recovery algorithm
[    8.623476] xor: automatically using best checksumming function   avx       
[    8.625349] async_tx: api initialized (async)
done.
Begin: Running /scripts/init-premount ... done.
Begin: Mounting root file system ... Begin: Running /scripts/local-top ... done.
Begin: Running /scripts/local-premount ... [    8.658932] Btrfs loaded, crc32c=crc32c-intel
Scanning for Btrfs filesystems
done.
Warning: fsck not present, so skipping root file system
[    8.695557] EXT4-fs (sda1): mounted filesystem with ordered data mode. Opts: (null)
done.
Begin: Running /scripts/local-bottom ... done.
Begin: Running /scripts/init-bottom ... done.
[    8.870680] ip_tables: (C) 2000-2006 Netfilter Core Team
[    8.877853] systemd[1]: systemd 237 running in system mode. (+PAM +AUDIT +SELINUX +IMA +APPARMOR +SMACK +SYSVINIT +UTMP +LIBCRYPTSETUP +GCRYPT +GNUTLS +ACL +XZ +LZ4 +SECCOMP +BLKID +ELFUTILS +KMOD -IDN2 +IDN -PCRE2 default-hierarchy=hybrid)
[    8.882210] systemd[1]: Detected virtualization oracle.
[    8.882954] systemd[1]: Detected architecture x86-64.

Welcome to [1mUbuntu 18.04.5 LTS[0m!

[    8.887220] systemd[1]: Set hostname to <ubuntu>.
[    8.890028] systemd[1]: Initializing machine ID from random generator.
[    8.891035] systemd[1]: Installed transient /etc/machine-id file.
[    9.991693] systemd[1]: Created slice System Slice.
[[0;32m  OK  [0m] Created slice System Slice.
[    9.992736] systemd[1]: Listening on Journal Socket (/dev/log).
[[0;32m  OK  [0m] Listening on Journal Socket (/dev/log).
[   10.004150] systemd[1]: Listening on fsck to fsckd communication Socket.
[[0;32m  OK  [0m] Listening on fsck to fsckd communication Socket.
[   10.005698] systemd[1]: Listening on /dev/initctl Compatibility Named Pipe.
[[0;32m  OK  [0m] Listening on /dev/initctl Compatibility Named Pipe.
[[0;32m  OK  [0m] Listening on udev Control Socket.
[[0;32m  OK  [0m] Listening on Syslog Socket.
[[0;32m  OK  [0m] Listening on Journal Socket.
         Starting Create list of required st…ce nodes for the current kernel...
         Mounting POSIX Message Queue File System...
         Mounting Huge Pages File System...
         Starting Uncomplicated firewall...
         Starting Load Kernel Modules...
         Starting File System Check on Root Device...
[   10.054070] Loading iSCSI transport class v2.0-870.
[[0;32m  OK  [0m] Listening on Journal Audit Socket.
[[0;32m  OK  [0m] Reached target System Time Synchronized.
[[0;32m  OK  [0m] Started Forward Password Requests to Wall Directory Watch.
[[0;32m  OK  [0m] Listening on LVM2 poll daemon socket.
[[0;32m  OK  [0m] Listening on Network Service Netlink Socket.
[   10.063551] iscsi: registered transport (tcp)
         Starting Journal Service...
[[0;32m  OK  [0m] Listening on LVM2 metadata daemon socket.
[[0;32m  OK  [0m] Reached target User and Group Name Lookups.
         Mounting Kernel Debug File System...
[[0;32m  OK  [0m] Listening on Device-mapper event daemon FIFOs.
         Starting Monitoring of LVM2 mirrors…ng dmeventd or progress polling...
[[0;32m  OK  [0m] Listening on udev Kernel Socket.
         Starting udev Coldplug all Devices...
[[0;32m  OK  [0m] Created slice system-serial\x2dgetty.slice.
[[0;32m  OK  [0m] Set up automount Arbitrary Executab…rmats File System Automount Point.
[   10.098527] iscsi: registered transport (iser)
[[0;32m  OK  [0m] Reached target Swap.
[[0;32m  OK  [0m] Created slice User and Session Slice.
[[0;32m  OK  [0m] Reached target Slices.
         Starting Set the console keyboard layout...
[[0;32m  OK  [0m] Started Journal Service.
[[0;32m  OK  [0m] Started Create list of required sta…vice nodes for the current kernel.
[[0;32m  OK  [0m] Mounted POSIX Message Queue File System.
[[0;32m  OK  [0m] Mounted Huge Pages File System.
[[0;32m  OK  [0m] Started Uncomplicated firewall.
[[0;32m  OK  [0m] Started Load Kernel Modules.
[[0;32m  OK  [0m] Mounted Kernel Debug File System.
[[0;32m  OK  [0m] Started File System Check Daemon to report status.
         Starting Apply Kernel Variables...
         Mounting FUSE Control File System...
         Mounting Kernel Configuration File System...
         Starting Create Static Device Nodes in /dev...
[[0;32m  OK  [0m] Mounted FUSE Control File System.
[[0;32m  OK  [0m] Mounted Kernel Configuration File System.
[[0;32m  OK  [0m] Started File System Check on Root Device.
[[0;32m  OK  [0m] Started udev Coldplug all Devices.
[[0;32m  OK  [0m] Started LVM2 metadata daemon.
         Starting Remount Root and Kernel File Systems...
[[0;32m  OK  [0m] Started Create Static Device Nodes in /dev.
[[0;32m  OK  [0m] Started Apply Kernel Variables.
[[0;32m  OK  [0m] Started Remount Root and Kernel File Systems.
         Starting Load/Save Random Seed...
         Starting udev Kernel Device Manager...
         Starting Flush Journal to Persistent Storage...
[[0;32m  OK  [0m] Started Monitoring of LVM2 mirrors,…sing dmeventd or progress polling.
[[0;32m  OK  [0m] Started Load/Save Random Seed.
[[0;32m  OK  [0m] Started udev Kernel Device Manager.
[[0;32m  OK  [0m] Started Set the console keyboard layout.
[[0;32m  OK  [0m] Started Dispatch Password Requests to Console Directory Watch.
[[0;32m  OK  [0m] Reached target Local Encrypted Volumes.
[[0;32m  OK  [0m] Reached target Local File Systems (Pre).
[[0;32m  OK  [0m] Reached target Local File Systems.
         Starting Tell Plymouth To Write Out Runtime Data...
         Starting ebtables ruleset management...
         Starting AppArmor initialization...
         Starting Commit a transient machine-id on disk...
         Starting Set console font and keymap...
[[0;32m  OK  [0m] Started Flush Journal to Persistent Storage.
         Starting Create Volatile Files and Directories...
[[0;32m  OK  [0m] Started Tell Plymouth To Write Out Runtime Data.
[[0;32m  OK  [0m] Started Set console font and keymap.
[[0;32m  OK  [0m] Started Commit a transient machine-id on disk.
[[0;32m  OK  [0m] Started Create Volatile Files and Directories.
         Starting Update UTMP about System Boot/Shutdown...
[[0;32m  OK  [0m] Found device /dev/ttyS0.
[[0;32m  OK  [0m] Started Update UTMP about System Boot/Shutdown.
[[0;32m  OK  [0m] Started ebtables ruleset management.
[[0;32m  OK  [0m] Listening on Load/Save RF Kill Switch Status /dev/rfkill Watch.
[[0;32m  OK  [0m] Started AppArmor initialization.
         Starting Load AppArmor profiles managed internally by snapd...
         Starting Initial cloud-init job (pre-networking)...
[[0;32m  OK  [0m] Started Load AppArmor profiles managed internally by snapd.
[   11.816972] cloud-init[604]: Cloud-init v. 21.1-19-gbad84ad4-0ubuntu1~18.04.2 running 'init-local' at Mon, 14 Jun 2021 06:37:16 +0000. Up 11.59 seconds.
[[0;32m  OK  [0m] Started Initial cloud-init job (pre-networking).
[[0;32m  OK  [0m] Reached target Network (Pre).
         Starting Network Service...
[[0;32m  OK  [0m] Started Network Service.
         Starting Network Name Resolution...
         Starting Wait for Network to be Configured...
[[0;32m  OK  [0m] Started Network Name Resolution.
[[0;32m  OK  [0m] Reached target Host and Network Name Lookups.
[[0;32m  OK  [0m] Reached target Network.
[[0;32m  OK  [0m] Started Wait for Network to be Configured.
         Starting Initial cloud-init job (metadata service crawler)...
[   13.451381] cloud-init[716]: Cloud-init v. 21.1-19-gbad84ad4-0ubuntu1~18.04.2 running 'init' at Mon, 14 Jun 2021 06:37:18 +0000. Up 13.36 seconds.
[   13.452193] cloud-init[716]: ci-info: ++++++++++++++++++++++++++++++++++++++Net device info+++++++++++++++++++++++++++++++++++++++
[   13.453208] cloud-init[716]: ci-info: +--------+-------+----------------------------+---------------+--------+-------------------+
[   13.454096] cloud-init[716]: ci-info: | Device |   Up  |          Address           |      Mask     | Scope  |     Hw-Address    |
[   13.455050] cloud-init[716]: ci-info: +--------+-------+----------------------------+---------------+--------+-------------------+
[   13.455981] cloud-init[716]: ci-info: | enp0s3 |  True |         10.0.2.15          | 255.255.255.0 | global | 02:98:b0:9b:6c:78 |
[   13.456958] cloud-init[716]: ci-info: | enp0s3 |  True | fe80::98:b0ff:fe9b:6c78/64 |       .       |  link  | 02:98:b0:9b:6c:78 |
[   13.458118] cloud-init[716]: ci-info: | enp0s8 | False |             .              |       .       |   .    | 08:00:27:5d:6b:23 |
[   13.459218] cloud-init[716]: ci-info: |   lo   |  True |         127.0.0.1          |   255.0.0.0   |  host  |         .         |
[   13.460156] cloud-init[716]: ci-info: |   lo   |  True |          ::1/128           |       .       |  host  |         .         |
[   13.460980] cloud-init[716]: ci-info: +--------+-------+----------------------------+---------------+--------+-------------------+
[   13.476118] cloud-init[716]: ci-info: ++++++++++++++++++++++++++++Route IPv4 info+++++++++++++++++++++++++++++
[   13.477669] cloud-init[716]: ci-info: +-------+-------------+----------+-----------------+-----------+-------+
[   13.478518] cloud-init[716]: ci-info: | Route | Destination | Gateway  |     Genmask     | Interface | Flags |
[   13.479259] cloud-init[716]: ci-info: +-------+-------------+----------+-----------------+-----------+-------+
[   13.480625] cloud-init[716]: ci-info: |   0   |   0.0.0.0   | 10.0.2.2 |     0.0.0.0     |   enp0s3  |   UG  |
[   13.481878] cloud-init[716]: ci-info: |   1   |   10.0.2.0  | 0.0.0.0  |  255.255.255.0  |   enp0s3  |   U   |
[   13.492152] cloud-init[716]: ci-info: |   2   |   10.0.2.2  | 0.0.0.0  | 255.255.255.255 |   enp0s3  |   UH  |
[   13.492685] cloud-init[716]: ci-info: +-------+-------------+----------+-----------------+-----------+-------+
[   13.494387] cloud-init[716]: ci-info: +++++++++++++++++++Route IPv6 info+++++++++++++++++++
[   13.495013] cloud-init[716]: ci-info: +-------+-------------+---------+-----------+-------+
[   13.495689] cloud-init[716]: ci-info: | Route | Destination | Gateway | Interface | Flags |
[   13.496378] cloud-init[716]: ci-info: +-------+-------------+---------+-----------+-------+
[   13.497029] cloud-init[716]: ci-info: |   1   |  fe80::/64  |    ::   |   enp0s3  |   U   |
[   13.497707] cloud-init[716]: ci-info: |   3   |    local    |    ::   |   enp0s3  |   U   |
[   13.498068] cloud-init[716]: ci-info: |   4   |   ff00::/8  |    ::   |   enp0s3  |   U   |
[   13.508225] cloud-init[716]: ci-info: +-------+-------------+---------+-----------+-------+
[   14.027439] cloud-init[716]: Generating public/private rsa key pair.
[   14.028109] cloud-init[716]: Your identification has been saved in /etc/ssh/ssh_host_rsa_key.
[   14.028740] cloud-init[716]: Your public key has been saved in /etc/ssh/ssh_host_rsa_key.pub.
[   14.029319] cloud-init[716]: The key fingerprint is:
[   14.029788] cloud-init[716]: SHA256:h2C/coL0i1aaFVAHPcKtQV0flY48CM3IhCa2gRuBhes root@ubuntu-bionic
[   14.030633] cloud-init[716]: The key's randomart image is:
[   14.031194] cloud-init[716]: +---[RSA 2048]----+
[   14.031787] cloud-init[716]: | +oo ++Oo=. .... |
[   14.032334] cloud-init[716]: |o o = *.O o. ..  |
[   14.033034] cloud-init[716]: | . + *o+ o o.o   |
[   14.033460] cloud-init[716]: |. . ..oo .. + .  |
[   14.034039] cloud-init[716]: |.   .  .S .  .   |
[   14.034710] cloud-init[716]: | E . oo  o       |
[   14.035280] cloud-init[716]: |    .=+ o        |
[   14.035704] cloud-init[716]: |    +. =         |
[   14.036122] cloud-init[716]: |   .. .          |
[   14.036555] cloud-init[716]: +----[SHA256]-----+
[   14.037097] cloud-init[716]: Generating public/private dsa key pair.
[   14.037447] cloud-init[716]: Your identification has been saved in /etc/ssh/ssh_host_dsa_key.
[   14.037833] cloud-init[716]: Your public key has been saved in /etc/ssh/ssh_host_dsa_key.pub.
[   14.038838] cloud-init[716]: The key fingerprint is:
[   14.039266] cloud-init[716]: SHA256:1fjPKiDOKYYZMhipUS1Dl1AXHyHxcU1JlLbNvBI9fEI root@ubuntu-bionic
[   14.039971] cloud-init[716]: The key's randomart image is:
[   14.040431] cloud-init[716]: +---[DSA 1024]----+
[   14.040879] cloud-init[716]: | .o+o.=o+..=+o   |
[   14.041574] cloud-init[716]: |  +.o. + + o= E  |
[   14.042006] cloud-init[716]: | o o    o o..O   |
[   14.042416] cloud-init[716]: |+        . .o O .|
[   14.042734] cloud-init[716]: |oo      S   .. = |
[   14.043071] cloud-init[716]: |= .   . .   .o.  |
[   14.043407] cloud-init[716]: | o + o o .   .o  |
[   14.052218] cloud-init[716]: |  o o +   .  .   |
[   14.052560] cloud-init[716]: |   . .     ..    |
[   14.052980] cloud-init[716]: +----[SHA256]-----+
[   14.053407] cloud-init[716]: Generating public/private ecdsa key pair.
[   14.053938] cloud-init[716]: Your identification has been saved in /etc/ssh/ssh_host_ecdsa_key.
[   14.054608] cloud-init[716]: Your public key has been saved in /etc/ssh/ssh_host_ecdsa_key.pub.
[   14.055301] cloud-init[716]: The key fingerprint is:
[   14.055627] cloud-init[716]: SHA256:IlE4205z3W+6AZOIPN6MlaeIUgDNcaDEzolThpn7AQI root@ubuntu-bionic
[   14.056340] cloud-init[716]: The key's randomart image is:
[   14.056784] cloud-init[716]: +---[ECDSA 256]---+
[   14.057168] cloud-init[716]: |EBoo...          |
[   14.057527] cloud-init[716]: |B+=.o.           |
[   14.057903] cloud-init[716]: |*=o .+   . .     |
[   14.058294] cloud-init[716]: |++...o+..o...    |
[   14.058674] cloud-init[716]: | o .oo=oS =  .   |
[   14.059053] cloud-init[716]: |  .. +.O o o  o  |
[[0;32m  OK  [0m] Started Initial cloud-init job (metadata service crawler).
[   14.192183] cloud-init[716]: |  . . + +   .o   |
[   14.192990] [cloud-init[0;32m  OK  [0m[716]: ] |   .        ..   |Reached target System Initialization.

[   14.193769] cloud-init[716]: |            ..   |
[   14.196485] cloud-init[716]: +----[SHA256]-----+
         Starting LXD - unix socket.
[   14.198763] cloud-init[716]: [[0;32m  OK  [0m] Started Daily Cleanup of Temporary Directories.
Generating public/private ed25519 key pair.
[[0;32m  OK  [0m] Listening on UUID daemon activation socket.
[   14.199790] cloud-init[716]: Your identification has been saved in /etc/ssh/ssh_host_ed25519_key.
[   14.200908] cloud-init[716]: Your public key has been saved in /etc/ssh/ssh_host_ed25519_key.pub.
[[0;32m  OK  [0m] Started ACPI Events Check.
[   14.201621] cloud-init[[0;32m  OK  [0m] Started Discard unused blocks once a week.
[[0;32m  OK  [0m] Started Ubuntu Advantage update messaging.
[716]:          Starting Socket activation for snappy daemon.
[[0;32m  OK  [0m] Reached target Paths.
[[0;32m  OK  [0m] Listening on Open-iSCSI iscsid Socket.
[[0;32m  OK  [0m] Listening on ACPID Listen Socket.
[[0;32m  OK  [0m] Started Daily apt download activities.
[[0;32m  OK  [0m] Started Daily apt upgrade and clean activities.
[[0;32m  OK  [0m] Started Message of the Day.
[[0;32m  OK  [0m] Reached target Timers.
[[0;32m  OK  [0m] Listening on D-Bus System Message Bus Socket.
[[0;32m  OK  [0m] Reached target Cloud-config availability.
[[0;32m  OK  [0m] Reached target Network is Online.
The key fingerprint is:
[   14.207003] cloud-init[716]: SHA256:FjLmw/8tQYolvTzkiAdl28Qu4wL88v4EJ881tBksnEo root@ubuntu-bionic
[   14.207787] cloud-init[716]: The key's randomart image is:
[   14.208366] cloud-init[716]: +--[ED25519 256]--+
[   14.208732] cloud-init[716]: |       .         |
[   14.209199] cloud-init[716]: |     .ooo        |
         Starting Availability of block devices...
[   14.209948] [[0;32m  OK  [0m] Reached target Remote File Systems (Pre).
cloud-init[716]: [[0;32m  OK  [0m] Reached target Remote File Systems.
| .  EoB*=        |
[[0;32m  OK  [0m] Listening on LXD - unix socket.
[   14.211930] [[0;32m  OK  [0m] Listening on Socket activation for snappy daemon.
[[0;32m  OK  [0m] Reached target Sockets.
[[0;32m  OK  [0m] Reached target Basic System.
cloud-init[716]: |  o..===*=.      |
         Starting Accounts Service...
[   14.215608] cloud-init[716]: |   o++=@S+       |
[   14.216891] cloud-init[716]: |  . +*==*..      |
[   14.217436] cloud-init[716]: |   o o+ .. .     |
[   14.218227] cloud-init[716]: |    ..   ...     |
         [   14.240330] cloud-init[716]: |   ....   ...    |
[   14.240468] cloud-init[716]: +----[SHA256]-----+
Starting Login Service...
         Starting Permit User Sessions...
         Starting Dispatcher daemon for systemd-networkd...
         Starting Virtualbox guest utils...
[[0;32m  OK  [0m] Started irqbalance daemon.
[[0;32m  OK  [0m] Started Regular background program processing daemon.
         Starting LSB: automatic crash report generation...
[[0;32m  OK  [0m] Started D-Bus System Message Bus.
         Starting Snap Daemon...
[[0;32m  OK  [0m] Started Deferred execution scheduler.
         Starting Pollinate to seed the pseudo random number generator...
         Starting System Logging Service...
[[0;32m  OK  [0m] Started FUSE filesystem for LXC.
         Starting LSB: Record successful boot for GRUB...
         Starting LXD - container startup/shutdown...
[[0;32m  OK  [0m] Started Availability of block devices.
[[0;32m  OK  [0m] Started Permit User Sessions.
[[0;32m  OK  [0m] Started Login Service.
[[0;32m  OK  [0m] Started Unattended Upgrades Shutdown.
         Starting Terminate Plymouth Boot Screen...
         Starting Hold until boot process finishes up...
[[0;32m  OK  [0m] Started Hold until boot process finishes up.
[[0;32m  OK  [0m] Started Serial Getty on ttyS0.
         Starting Set console scheme...
[[0;32m  OK  [0m] Started Terminate Plymouth Boot Screen.
[[0;32m  OK  [0m] Started System Logging Service.
[[0;32m  OK  [0m] Started Set console scheme.
[[0;32m  OK  [0m] Started LSB: automatic crash report generation.
[[0;32m  OK  [0m] Created slice system-getty.slice.
[[0;32m  OK  [0m] Started Getty on tty1.
[[0;32m  OK  [0m] Reached target Login Prompts.
         Starting Authorization Manager...
[[0;32m  OK  [0m] Started LSB: Record successful boot for GRUB.
[[0;32m  OK  [0m] Started LXD - container startup/shutdown.
[[0;32m  OK  [0m] Started Authorization Manager.
[[0;32m  OK  [0m] Started Accounts Service.
[[0;32m  OK  [0m] Started Virtualbox guest utils.
[[0;32m  OK  [0m] Started Dispatcher daemon for systemd-networkd.
[[0;32m  OK  [0m] Started Snap Daemon.
         Starting Wait until snapd is fully seeded...
[[0;32m  OK  [0m] Started Pollinate to seed the pseudo random number generator.
         Starting OpenBSD Secure Shell server...
[[0;32m  OK  [0m] Started OpenBSD Secure Shell server.
[[0;32m  OK  [0m] Created slice User Slice of vagrant.
         Starting User Manager for UID 1000...
[[0;32m  OK  [0m] Started Session 1 of user vagrant.
[[0;32m  OK  [0m] Started User Manager for UID 1000.
[[0;32m  OK  [0m] Started Wait until snapd is fully seeded.
         Starting Apply the settings specified in cloud-config...
[[0;32m  OK  [0m] Reached target Multi-User System.
[[0;32m  OK  [0m] Reached target Graphical Interface.
         Starting Update UTMP about System Runlevel Changes...
[[0;32m  OK  [0m] Started Update UTMP about System Runlevel Changes.
[   17.386332] cloud-init[1358]: Cloud-init v. 21.1-19-gbad84ad4-0ubuntu1~18.04.2 running 'modules:config' at Mon, 14 Jun 2021 06:37:21 +0000. Up 16.86 seconds.
[[0;32m  OK  [0m] Started Apply the settings specified in cloud-config.
         Starting Execute cloud user/final scripts...
ci-info: no authorized SSH keys fingerprints found for user ubuntu.
<14>Jun 14 06:37:22 ec2: 
<14>Jun 14 06:37:22 ec2: #############################################################
<14>Jun 14 06:37:22 ec2: -----BEGIN SSH HOST KEY FINGERPRINTS-----
<14>Jun 14 06:37:22 ec2: 1024 SHA256:1fjPKiDOKYYZMhipUS1Dl1AXHyHxcU1JlLbNvBI9fEI root@ubuntu-bionic (DSA)
<14>Jun 14 06:37:22 ec2: 256 SHA256:IlE4205z3W+6AZOIPN6MlaeIUgDNcaDEzolThpn7AQI root@ubuntu-bionic (ECDSA)
<14>Jun 14 06:37:22 ec2: 256 SHA256:FjLmw/8tQYolvTzkiAdl28Qu4wL88v4EJ881tBksnEo root@ubuntu-bionic (ED25519)
<14>Jun 14 06:37:22 ec2: 2048 SHA256:h2C/coL0i1aaFVAHPcKtQV0flY48CM3IhCa2gRuBhes root@ubuntu-bionic (RSA)
<14>Jun 14 06:37:22 ec2: -----END SSH HOST KEY FINGERPRINTS-----
<14>Jun 14 06:37:22 ec2: #############################################################
-----BEGIN SSH HOST KEY KEYS-----
ecdsa-sha2-nistp256 AAAAE2VjZHNhLXNoYTItbmlzdHAyNTYAAAAIbmlzdHAyNTYAAABBBAyLimEfLk5Jtx1QkyOeoCU/BQnN6EcG2z70zyhOqarFSOAeKFzqZO0oeaPftQk4m+MEANmdClSgwe6dZvEUvcU= root@ubuntu-bionic
ssh-ed25519 AAAAC3NzaC1lZDI1NTE5AAAAIG0pr+6NmQ1a4YpWBkPHLJHFMM8mX5suETcVLP06rQV6 root@ubuntu-bionic
ssh-rsa AAAAB3NzaC1yc2EAAAADAQABAAABAQDdmI2o2uyEN9uNk2mvsvx3O/3fEiZtGdFwNkwGiYgDM801Bs2vXRmqswPgdldRwv4tjDFhJ8b4QvRYr+2ZqeSh0Jb/dB03KSWN9/JxY7X1fGRRl4V+IaVz/JrBJlxAAYVP/t1MFkD8b+Lfd6dFXI23PCPY5DrheLRMCp2YMXahQAoAZ+jN32iVc5SQuI9FG8LNIznGWDLddZ9MBSY/k8BsCWeMGmg23JUSskxP5EPf/fnoWGDgEY7rZfcZrJsu3rOcBb7qigbWjhXAMuQ0cOVsUzk/L7OPlLFfi/xjc0iwNrLrzIAvW/ueAPf3Zxwswng3Tka4ffzKPU4/w7JaiA2R root@ubuntu-bionic
-----END SSH HOST KEY KEYS-----
[   17.760878] cloud-init[1492]: Cloud-init v. 21.1-19-gbad84ad4-0ubuntu1~18.04.2 running 'modules:final' at Mon, 14 Jun 2021 06:37:22 +0000. Up 17.66 seconds.
[   17.761964] cloud-init[1492]: ci-info: no authorized SSH keys fingerprints found for user ubuntu.
[   17.772195] cloud-init[1492]: Cloud-init v. 21.1-19-gbad84ad4-0ubuntu1~18.04.2 finished at Mon, 14 Jun 2021 06:37:22 +0000. Datasource DataSourceNoCloud [seed=/dev/sdb][dsmode=net].  Up 17.75 seconds
[[0;32m  OK  [0m] Started Execute cloud user/final scripts.
[[0;32m  OK  [0m] Reached target Cloud-init target.

Ubuntu 18.04.5 LTS ubuntu-bionic ttyS0

ubuntu-bionic login: 